<?xml version="1.0" encoding="UTF-8"?>
<testsuite xmlns:xsi="http://www.w3.org/2001/XMLSchema-instance" xsi:noNamespaceSchemaLocation="https://maven.apache.org/surefire/maven-surefire-plugin/xsd/surefire-test-report.xsd" version="3.0.2" name="TestSuite" time="13.104" tests="1" errors="0" skipped="0" failures="0">
  <properties>
[...]
</properties>
  <testcase name="Login" classname="Tests.LoginTest" time="0.685">
    <system-err><![CDATA[[main] INFO Tests.LoginTest - In the Before Test Block
[main] INFO Tests.LoginTest - In the Test Block
]]></system-err>
  </testcase>
</testsuite>