<?xml version="1.0" encoding="UTF-8"?>
<testng-results ignored="0" total="1" passed="1" failed="0" skipped="0">
  <reporter-output>
  </reporter-output>
  <suite started-at="2024-12-23T23:57:34 IST" name="Suite" finished-at="2024-12-23T23:57:47 IST" duration-ms="12075">
    <groups>
    </groups>
    <test started-at="2024-12-23T23:57:34 IST" name="Test" finished-at="2024-12-23T23:57:47 IST" duration-ms="12075">
      <class name="Tests.LoginTest">
        <test-method is-config="true" signature="launch()[pri:0, instance:Tests.LoginTest@76b1e9b8]" started-at="2024-12-23T23:57:35 IST" name="launch" finished-at="2024-12-23T23:57:45 IST" duration-ms="10684" status="PASS">
          <reporter-output>
          </reporter-output>
        </test-method> <!-- launch -->
        <test-method signature="Login()[pri:0, instance:Tests.LoginTest@76b1e9b8]" started-at="2024-12-23T23:57:45 IST" name="Login" finished-at="2024-12-23T23:57:46 IST" duration-ms="677" status="PASS">
          <reporter-output>
          </reporter-output>
        </test-method> <!-- Login -->
        <test-method is-config="true" signature="quit()[pri:0, instance:Tests.LoginTest@76b1e9b8]" started-at="2024-12-23T23:57:46 IST" name="quit" finished-at="2024-12-23T23:57:47 IST" duration-ms="389" status="PASS">
          <reporter-output>
          </reporter-output>
        </test-method> <!-- quit -->
      </class> <!-- Tests.LoginTest -->
    </test> <!-- Test -->
  </suite> <!-- Suite -->
</testng-results>
