<?xml version="1.0" encoding="UTF-8"?>
<testng-results ignored="0" total="1" passed="1" failed="0" skipped="0">
  <reporter-output>
  </reporter-output>
  <suite started-at="2024-12-08T23:05:20 IST" name="Suite" finished-at="2024-12-08T23:05:40 IST" duration-ms="20853">
    <groups>
    </groups>
    <test started-at="2024-12-08T23:05:20 IST" name="Test" finished-at="2024-12-08T23:05:40 IST" duration-ms="20853">
      <class name="Tests.LoginTest">
        <test-method is-config="true" signature="launch()[pri:0, instance:Tests.LoginTest@3646a422]" started-at="2024-12-08T23:05:20 IST" name="launch" finished-at="2024-12-08T23:05:40 IST" duration-ms="20008" status="PASS">
          <reporter-output>
          </reporter-output>
        </test-method> <!-- launch -->
        <test-method signature="Login()[pri:0, instance:Tests.LoginTest@3646a422]" started-at="2024-12-08T23:05:40 IST" name="Login" finished-at="2024-12-08T23:05:40 IST" duration-ms="462" status="PASS">
          <reporter-output>
          </reporter-output>
        </test-method> <!-- Login -->
        <test-method is-config="true" signature="quit()[pri:0, instance:Tests.LoginTest@3646a422]" started-at="2024-12-08T23:05:40 IST" name="quit" finished-at="2024-12-08T23:05:40 IST" duration-ms="347" status="PASS">
          <reporter-output>
          </reporter-output>
        </test-method> <!-- quit -->
      </class> <!-- Tests.LoginTest -->
    </test> <!-- Test -->
  </suite> <!-- Suite -->
</testng-results>
